<?xml version="1.0" encoding="UTF-8"?>
<!-- Generated by org.testng.reporters.JUnitReportReporter -->
<testsuite skipped="0" hostname="DESKTOP-B2UQ05A" name="POSTRequestInRestAssured.CreateProjectWithJSONObject" tests="1" failures="0" timestamp="2022-08-09T15:03:02 IST" time="1.568" errors="0">
  <testcase name="createProjectWithJSONObject" time="1.568" classname="POSTRequestInRestAssured.CreateProjectWithJSONObject"/>
  <system-out/>
</testsuite> <!-- POSTRequestInRestAssured.CreateProjectWithJSONObject -->
