<?xml version="1.0" encoding="UTF-8"?>
<!-- Generated by org.testng.reporters.JUnitReportReporter -->
<testsuite skipped="0" hostname="DESKTOP-B2UQ05A" name="BasicCrudOperations.LoginRMGYantrawithAuthentication" tests="1" failures="0" timestamp="2022-08-08T15:33:56 IST" time="1.448" errors="0">
  <testcase name="loginRMGYantrawithAuthentication" time="1.448" classname="BasicCrudOperations.LoginRMGYantrawithAuthentication"/>
  <system-out/>
</testsuite> <!-- BasicCrudOperations.LoginRMGYantrawithAuthentication -->
