<?xml version="1.0" encoding="UTF-8"?>
<!-- Generated by org.testng.reporters.JUnitReportReporter -->
<testsuite skipped="0" hostname="DESKTOP-B2UQ05A" name="BasicCrudOperations.DeleteProjectTest" tests="1" failures="0" timestamp="2022-08-08T11:28:27 IST" time="1.505" errors="0">
  <testcase name="deleteProjectTest" time="1.505" classname="BasicCrudOperations.DeleteProjectTest"/>
  <system-out/>
</testsuite> <!-- BasicCrudOperations.DeleteProjectTest -->
