<?xml version="1.0" encoding="UTF-8"?>
<!-- Generated by org.testng.reporters.JUnitReportReporter -->
<testsuite skipped="0" hostname="DESKTOP-B2UQ05A" name="BasicCrudOperations.UpdateProjectTest" tests="1" failures="0" timestamp="2022-08-06T22:02:25 IST" time="1.559" errors="0">
  <testcase name="updateProjectTest" time="1.559" classname="BasicCrudOperations.UpdateProjectTest"/>
  <system-out/>
</testsuite> <!-- BasicCrudOperations.UpdateProjectTest -->
