<?xml version="1.0" encoding="UTF-8"?>
<!-- Generated by org.testng.reporters.JUnitReportReporter -->
<testsuite skipped="0" hostname="DESKTOP-B2UQ05A" name="CRUDOperationWithBDD.GetAllProjectsTest" tests="1" failures="0" timestamp="2022-08-08T17:32:10 IST" time="1.311" errors="0">
  <testcase name="getAllProjectsTest" time="1.311" classname="CRUDOperationWithBDD.GetAllProjectsTest"/>
  <system-out/>
</testsuite> <!-- CRUDOperationWithBDD.GetAllProjectsTest -->
