<?xml version="1.0" encoding="UTF-8"?>
<!-- Generated by org.testng.reporters.JUnitReportReporter -->
<testsuite skipped="0" hostname="DESKTOP-B2UQ05A" name="SerializationAndDeserialization.DeserializationEmployee_Details" tests="1" failures="0" timestamp="2022-07-28T15:28:18 IST" time="0.163" errors="0">
  <testcase name="deserializeEmployeeDetailsTest" time="0.163" classname="SerializationAndDeserialization.DeserializationEmployee_Details"/>
  <system-out/>
</testsuite> <!-- SerializationAndDeserialization.DeserializationEmployee_Details -->
