<?xml version="1.0" encoding="UTF-8"?>
<!-- Generated by org.testng.reporters.JUnitReportReporter -->
<testsuite skipped="0" hostname="DESKTOP-B2UQ05A" name="CRUDOperationWithBDD.UpdateProjectTest" tests="1" failures="0" timestamp="2022-08-08T17:31:34 IST" time="1.664" errors="0">
  <testcase name="updateProjectTest" time="1.664" classname="CRUDOperationWithBDD.UpdateProjectTest"/>
  <system-out/>
</testsuite> <!-- CRUDOperationWithBDD.UpdateProjectTest -->
