<?xml version="1.0" encoding="UTF-8"?>
<!-- Generated by org.testng.reporters.JUnitReportReporter -->
<testsuite skipped="0" hostname="DESKTOP-B2UQ05A" name="DataDrivenTesting.CreateMultipleProjects" tests="3" failures="0" timestamp="2022-08-10T10:05:51 IST" time="1.922" errors="0">
  <testcase name="createMultipleProjects" time="0.038" classname="DataDrivenTesting.CreateMultipleProjects"/>
  <system-out/>
  <testcase name="createMultipleProjects" time="1.861" classname="DataDrivenTesting.CreateMultipleProjects"/>
  <system-out/>
  <testcase name="createMultipleProjects" time="0.023" classname="DataDrivenTesting.CreateMultipleProjects"/>
  <system-out/>
</testsuite> <!-- DataDrivenTesting.CreateMultipleProjects -->
