<?xml version="1.0" encoding="UTF-8"?>
<!-- Generated by org.testng.reporters.JUnitReportReporter -->
<testsuite skipped="0" hostname="DESKTOP-B2UQ05A" name="ResponseValidation.ResponseTimeValidation" tests="1" failures="0" timestamp="2022-08-09T22:11:20 IST" time="1.559" errors="0">
  <testcase name="responseTimeValidation" time="1.559" classname="ResponseValidation.ResponseTimeValidation"/>
  <system-out/>
</testsuite> <!-- ResponseValidation.ResponseTimeValidation -->
