<?xml version="1.0" encoding="UTF-8"?>
<!-- Generated by org.testng.reporters.JUnitReportReporter -->
<testsuite skipped="0" hostname="DESKTOP-B2UQ05A" name="ResponseValidation.StaticResponseValidation" tests="1" failures="0" timestamp="2022-08-10T09:55:39 IST" time="1.367" errors="0">
  <testcase name="staticResponseValidation" time="1.367" classname="ResponseValidation.StaticResponseValidation"/>
  <system-out/>
</testsuite> <!-- ResponseValidation.StaticResponseValidation -->
