<?xml version="1.0" encoding="UTF-8"?>
<!-- Generated by org.testng.reporters.JUnitReportReporter -->
<testsuite skipped="0" hostname="DESKTOP-B2UQ05A" name="BasicCrudOperations.GetAllEmployees" tests="1" failures="0" timestamp="2022-08-08T12:48:37 IST" time="1.396" errors="0">
  <testcase name="getAllEmployees" time="1.396" classname="BasicCrudOperations.GetAllEmployees"/>
  <system-out/>
</testsuite> <!-- BasicCrudOperations.GetAllEmployees -->
