<?xml version="1.0" encoding="UTF-8"?>
<!-- Generated by org.testng.reporters.JUnitReportReporter -->
<testsuite skipped="0" hostname="DESKTOP-B2UQ05A" name="BasicCrudOperations.GetAllProjectTest" tests="1" failures="0" timestamp="2022-08-09T21:47:52 IST" time="1.461" errors="0">
  <testcase name="getAllProjectTest" time="1.461" classname="BasicCrudOperations.GetAllProjectTest"/>
  <system-out/>
</testsuite> <!-- BasicCrudOperations.GetAllProjectTest -->
