<?xml version="1.0" encoding="UTF-8"?>
<!-- Generated by org.testng.reporters.JUnitReportReporter -->
<testsuite skipped="0" hostname="DESKTOP-B2UQ05A" name="SerializationAndDeserialization.DeserializationEmployeeDetailsWithArray" tests="1" failures="0" timestamp="2022-07-28T16:28:23 IST" time="0.186" errors="0">
  <testcase name="deserializeEmployeeDetailsTest" time="0.186" classname="SerializationAndDeserialization.DeserializationEmployeeDetailsWithArray"/>
  <system-out/>
</testsuite> <!-- SerializationAndDeserialization.DeserializationEmployeeDetailsWithArray -->
