<?xml version="1.0" encoding="UTF-8"?>
<!-- Generated by org.testng.reporters.JUnitReportReporter -->
<testsuite skipped="0" hostname="DESKTOP-B2UQ05A" name="ObjectArray.EmpDetailsWithSpouse" tests="1" failures="0" timestamp="2022-07-31T12:18:34 IST" time="0.191" errors="0">
  <testcase name="empwithSpouseDetails" time="0.191" classname="ObjectArray.EmpDetailsWithSpouse"/>
  <system-out/>
</testsuite> <!-- ObjectArray.EmpDetailsWithSpouse -->
