<?xml version="1.0" encoding="UTF-8"?>
<!-- Generated by org.testng.reporters.JUnitReportReporter -->
<testsuite skipped="0" hostname="DESKTOP-B2UQ05A" name="BasicCrudOperations.CreateEmployee" tests="1" failures="0" timestamp="2022-08-08T14:23:52 IST" time="1.428" errors="0">
  <testcase name="createEmployee" time="1.428" classname="BasicCrudOperations.CreateEmployee"/>
  <system-out/>
</testsuite> <!-- BasicCrudOperations.CreateEmployee -->
