<?xml version="1.0" encoding="UTF-8"?>
<!-- Generated by org.testng.reporters.JUnitReportReporter -->
<testsuite skipped="0" hostname="DESKTOP-B2UQ05A" name="RequestChaining.UpdateProjectAndDelete" tests="1" failures="0" timestamp="2022-08-10T14:46:33 IST" time="2.545" errors="0">
  <testcase name="updateProjectAndDelete" time="2.545" classname="RequestChaining.UpdateProjectAndDelete"/>
  <system-out/>
</testsuite> <!-- RequestChaining.UpdateProjectAndDelete -->
