<?xml version="1.0" encoding="UTF-8"?>
<!-- Generated by org.testng.reporters.JUnitReportReporter -->
<testsuite skipped="0" hostname="DESKTOP-B2UQ05A" name="Authentication.BasicAuthTest" tests="1" failures="0" timestamp="2022-08-10T14:59:09 IST" time="1.558" errors="0">
  <testcase name="basicAuthTest" time="1.558" classname="Authentication.BasicAuthTest"/>
  <system-out/>
</testsuite> <!-- Authentication.BasicAuthTest -->
