<?xml version="1.0" encoding="UTF-8"?>
<!-- Generated by org.testng.reporters.JUnitReportReporter -->
<testsuite skipped="0" hostname="DESKTOP-B2UQ05A" name="BasicCrudOperations.UpdateEmployeeByEmployeeIdpathparameter" tests="1" failures="0" timestamp="2022-08-08T14:24:09 IST" time="1.309" errors="0">
  <testcase name="updateEmployeeByEmployeeIdpathparameter" time="1.309" classname="BasicCrudOperations.UpdateEmployeeByEmployeeIdpathparameter"/>
  <system-out/>
</testsuite> <!-- BasicCrudOperations.UpdateEmployeeByEmployeeIdpathparameter -->
