<?xml version="1.0" encoding="UTF-8"?>
<!-- Generated by org.testng.reporters.JUnitReportReporter -->
<testsuite skipped="0" hostname="DESKTOP-B2UQ05A" name="SerializationAndDeserialization.EmployeeDetailsWithArray" tests="1" failures="0" timestamp="2022-07-28T16:09:24 IST" time="0.181" errors="0">
  <testcase name="employeeDetailsTest" time="0.181" classname="SerializationAndDeserialization.EmployeeDetailsWithArray"/>
  <system-out/>
</testsuite> <!-- SerializationAndDeserialization.EmployeeDetailsWithArray -->
