<?xml version="1.0" encoding="UTF-8"?>
<!-- Generated by org.testng.reporters.JUnitReportReporter -->
<testsuite skipped="0" hostname="DESKTOP-B2UQ05A" name="RequestChaining.CreateProjectAndGetProject" tests="1" failures="0" timestamp="2022-08-10T12:52:05 IST" time="2.091" errors="0">
  <testcase name="createProjectAndGetProject" time="2.091" classname="RequestChaining.CreateProjectAndGetProject"/>
  <system-out/>
</testsuite> <!-- RequestChaining.CreateProjectAndGetProject -->
