<?xml version="1.0" encoding="UTF-8"?>
<!-- Generated by org.testng.reporters.JUnitReportReporter -->
<testsuite skipped="0" hostname="DESKTOP-B2UQ05A" name="POSTRequestInRestAssured.CreateProjectWithJSONFile" tests="1" failures="0" timestamp="2022-08-09T12:51:33 IST" time="1.330" errors="0">
  <testcase name="createProjectWithJSONFile" time="1.330" classname="POSTRequestInRestAssured.CreateProjectWithJSONFile"/>
  <system-out/>
</testsuite> <!-- POSTRequestInRestAssured.CreateProjectWithJSONFile -->
