<?xml version="1.0" encoding="UTF-8"?>
<!-- Generated by org.testng.reporters.JUnitReportReporter -->
<testsuite skipped="0" hostname="DESKTOP-B2UQ05A" name="Authentication.BearerTokenTest" tests="1" failures="0" timestamp="2022-08-10T15:31:01 IST" time="4.960" errors="0">
  <testcase name="bearerToken" time="4.960" classname="Authentication.BearerTokenTest"/>
  <system-out/>
</testsuite> <!-- Authentication.BearerTokenTest -->
