<?xml version="1.0" encoding="UTF-8"?>
<!-- Generated by org.testng.reporters.JUnitReportReporter -->
<testsuite skipped="0" hostname="DESKTOP-B2UQ05A" name="Parameters.QueryParameter" tests="1" failures="0" timestamp="2022-08-10T12:00:27 IST" time="2.425" errors="0">
  <testcase name="queryParameter" time="2.425" classname="Parameters.QueryParameter"/>
  <system-out/>
</testsuite> <!-- Parameters.QueryParameter -->
