<?xml version="1.0" encoding="UTF-8"?>
<!-- Generated by org.testng.reporters.JUnitReportReporter -->
<testsuite skipped="0" hostname="DESKTOP-B2UQ05A" name="Parameters.FormParameter" tests="1" failures="0" timestamp="2022-08-10T12:13:28 IST" time="1.463" errors="0">
  <testcase name="formParameter" time="1.463" classname="Parameters.FormParameter"/>
  <system-out/>
</testsuite> <!-- Parameters.FormParameter -->
