<?xml version="1.0" encoding="UTF-8"?>
<!-- Generated by org.testng.reporters.JUnitReportReporter -->
<testsuite skipped="0" hostname="DESKTOP-B2UQ05A" name="ResponseValidation.DynamicResponseValidation" tests="1" failures="0" timestamp="2022-08-09T23:25:08 IST" time="1.701" errors="0">
  <testcase name="dynamicResponseValidation" time="1.701" classname="ResponseValidation.DynamicResponseValidation"/>
  <system-out/>
</testsuite> <!-- ResponseValidation.DynamicResponseValidation -->
