<?xml version="1.0" encoding="UTF-8"?>
<!-- Generated by org.testng.reporters.JUnitReportReporter -->
<testsuite skipped="0" hostname="DESKTOP-B2UQ05A" name="BasicCrudOperations.CreatetheprojectwithXMLFormate" tests="1" failures="0" timestamp="2022-08-08T12:05:25 IST" time="1.622" errors="0">
  <testcase name="createtheprojectwithXMLFormate" time="1.622" classname="BasicCrudOperations.CreatetheprojectwithXMLFormate"/>
  <system-out/>
</testsuite> <!-- BasicCrudOperations.CreatetheprojectwithXMLFormate -->
