<?xml version="1.0" encoding="UTF-8"?>
<!-- Generated by org.testng.reporters.JUnitReportReporter -->
<testsuite skipped="0" hostname="DESKTOP-B2UQ05A" name="CRUDOperationWithBDD.CreateProjectTest" tests="1" failures="0" timestamp="2022-08-10T21:55:03 IST" time="1.571" errors="0">
  <testcase name="createProjectTest" time="1.571" classname="CRUDOperationWithBDD.CreateProjectTest"/>
  <system-out>
    <![CDATA[========connection successful=======]]>
  </system-out>
</testsuite> <!-- CRUDOperationWithBDD.CreateProjectTest -->
