<?xml version="1.0" encoding="UTF-8"?>
<!-- Generated by org.testng.reporters.JUnitReportReporter -->
<testsuite skipped="0" hostname="DESKTOP-B2UQ05A" name="Parameters.PathParameter" tests="1" failures="0" timestamp="2022-08-10T11:44:01 IST" time="1.371" errors="0">
  <testcase name="pathParameter" time="1.371" classname="Parameters.PathParameter"/>
  <system-out/>
</testsuite> <!-- Parameters.PathParameter -->
