<?xml version="1.0" encoding="UTF-8"?>
<!-- Generated by org.testng.reporters.JUnitReportReporter -->
<testsuite skipped="0" hostname="DESKTOP-B2UQ05A" name="POSTRequestInRestAssured.CreateProjectWithHashMap" tests="1" failures="0" timestamp="2022-08-09T12:33:17 IST" time="1.542" errors="0">
  <testcase name="createProjectWithHashMap" time="1.542" classname="POSTRequestInRestAssured.CreateProjectWithHashMap"/>
  <system-out/>
</testsuite> <!-- POSTRequestInRestAssured.CreateProjectWithHashMap -->
