<?xml version="1.0" encoding="UTF-8"?>
<!-- Generated by org.testng.reporters.JUnitReportReporter -->
<testsuite skipped="0" hostname="DESKTOP-B2UQ05A" name="Authentication.Oauth2_0" tests="1" failures="0" timestamp="2022-08-10T19:27:38 IST" time="3.570" errors="0">
  <testcase name="oauth2_0" time="3.570" classname="Authentication.Oauth2_0"/>
  <system-out/>
</testsuite> <!-- Authentication.Oauth2_0 -->
