<?xml version="1.0" encoding="UTF-8"?>
<!-- Generated by org.testng.reporters.JUnitReportReporter -->
<testsuite skipped="0" hostname="DESKTOP-B2UQ05A" name="BasicCrudOperations.CreatetheProjectWithExistingProjectIdTest" tests="1" failures="0" timestamp="2022-08-07T22:57:48 IST" time="1.381" errors="0">
  <testcase name="createtheProjectWithExistingProjectIdTest" time="1.381" classname="BasicCrudOperations.CreatetheProjectWithExistingProjectIdTest"/>
  <system-out/>
</testsuite> <!-- BasicCrudOperations.CreatetheProjectWithExistingProjectIdTest -->
