<?xml version="1.0" encoding="UTF-8"?>
<!-- Generated by org.testng.reporters.JUnitReportReporter -->
<testsuite skipped="0" hostname="DESKTOP-B2UQ05A" name="BasicCrudOperations.CreateAndValidateInDB" tests="1" failures="0" timestamp="2022-08-11T11:52:06 IST" time="1.774" errors="0">
  <testcase name="createAndValidateInDB" time="1.774" classname="BasicCrudOperations.CreateAndValidateInDB"/>
  <system-out>
    <![CDATA[TY_PROJ_3004]]>
  </system-out>
</testsuite> <!-- BasicCrudOperations.CreateAndValidateInDB -->
