<?xml version="1.0" encoding="UTF-8"?>
<!-- Generated by org.testng.reporters.JUnitReportReporter -->
<testsuite skipped="0" hostname="DESKTOP-B2UQ05A" name="ObjectArray.DeserializationObjectWithSpouse" tests="1" failures="0" timestamp="2022-07-29T12:24:56 IST" time="0.208" errors="0">
  <testcase name="deserialObject" time="0.208" classname="ObjectArray.DeserializationObjectWithSpouse"/>
  <system-out/>
</testsuite> <!-- ObjectArray.DeserializationObjectWithSpouse -->
