<?xml version="1.0" encoding="UTF-8"?>
<!-- Generated by org.testng.reporters.JUnitReportReporter -->
<testsuite skipped="0" hostname="DESKTOP-B2UQ05A" name="SerializationAndDeserialization.Serialization_Employee_Details" tests="1" failures="0" timestamp="2022-09-06T22:22:10 IST" time="0.178" errors="0">
  <testcase name="employee_Details_Test" time="0.178" classname="SerializationAndDeserialization.Serialization_Employee_Details"/>
  <system-out/>
</testsuite> <!-- SerializationAndDeserialization.Serialization_Employee_Details -->
