<?xml version="1.0" encoding="UTF-8"?>
<!-- Generated by org.testng.reporters.JUnitReportReporter -->
<testsuite skipped="0" hostname="DESKTOP-B2UQ05A" name="BasicCrudOperations.CreatetheprojectwithTextFormateTest" tests="1" failures="0" timestamp="2022-08-07T23:24:15 IST" time="1.497" errors="0">
  <testcase name="createtheprojectwithTextFormate" time="1.497" classname="BasicCrudOperations.CreatetheprojectwithTextFormateTest"/>
  <system-out/>
</testsuite> <!-- BasicCrudOperations.CreatetheprojectwithTextFormateTest -->
