<?xml version="1.0" encoding="UTF-8"?>
<!-- Generated by org.testng.reporters.JUnitReportReporter -->
<testsuite skipped="0" hostname="DESKTOP-B2UQ05A" name="DataDrivenTesting.CreateMultipleProject1" tests="3" failures="0" timestamp="2022-08-10T00:06:42 IST" time="1.492" errors="0">
  <testcase name="createMultipleProjects" time="1.437" classname="DataDrivenTesting.CreateMultipleProject1"/>
  <system-out/>
  <testcase name="createMultipleProjects" time="0.030" classname="DataDrivenTesting.CreateMultipleProject1"/>
  <system-out/>
  <testcase name="createMultipleProjects" time="0.025" classname="DataDrivenTesting.CreateMultipleProject1"/>
  <system-out/>
</testsuite> <!-- DataDrivenTesting.CreateMultipleProject1 -->
